[2025-11-14T15:27:26.970Z] ERROR: POST /api/auth/register - Cannot read properties of undefined (reading 'schema') - Cannot read properties of undefined (reading 'schema')
Stack: TypeError: Cannot read properties of undefined (reading 'schema')
    at validate (C:\Users\ItsTR\Desktop\Ynov\B3 Ynov 2025 - 2026\Cours API\Final TP API\node_modules\mongoose\lib\model.js:4262:21)
    at Layer.handleRequest (C:\Users\ItsTR\Desktop\Ynov\B3 Ynov 2025 - 2026\Cours API\Final TP API\node_modules\router\lib\layer.js:152:17)
    at next (C:\Users\ItsTR\Desktop\Ynov\B3 Ynov 2025 - 2026\Cours API\Final TP API\node_modules\router\lib\route.js:157:13)
    at Route.dispatch (C:\Users\ItsTR\Desktop\Ynov\B3 Ynov 2025 - 2026\Cours API\Final TP API\node_modules\router\lib\route.js:117:3)
    at handle (C:\Users\ItsTR\Desktop\Ynov\B3 Ynov 2025 - 2026\Cours API\Final TP API\node_modules\router\index.js:435:11)
    at Layer.handleRequest (C:\Users\ItsTR\Desktop\Ynov\B3 Ynov 2025 - 2026\Cours API\Final TP API\node_modules\router\lib\layer.js:152:17)
    at C:\Users\ItsTR\Desktop\Ynov\B3 Ynov 2025 - 2026\Cours API\Final TP API\node_modules\router\index.js:295:15
    at processParams (C:\Users\ItsTR\Desktop\Ynov\B3 Ynov 2025 - 2026\Cours API\Final TP API\node_modules\router\index.js:582:12)
    at next (C:\Users\ItsTR\Desktop\Ynov\B3 Ynov 2025 - 2026\Cours API\Final TP API\node_modules\router\index.js:291:5)
    at Function.handle (C:\Users\ItsTR\Desktop\Ynov\B3 Ynov 2025 - 2026\Cours API\Final TP API\node_modules\router\index.js:186:3)
[2025-11-14T15:30:02.104Z] ERROR: POST /api/auth/register - Cannot read properties of undefined (reading 'schema') - Cannot read properties of undefined (reading 'schema')
Stack: TypeError: Cannot read properties of undefined (reading 'schema')
    at validate (C:\Users\ItsTR\Desktop\Ynov\B3 Ynov 2025 - 2026\Cours API\Final TP API\node_modules\mongoose\lib\model.js:4262:21)
    at Layer.handleRequest (C:\Users\ItsTR\Desktop\Ynov\B3 Ynov 2025 - 2026\Cours API\Final TP API\node_modules\router\lib\layer.js:152:17)
    at next (C:\Users\ItsTR\Desktop\Ynov\B3 Ynov 2025 - 2026\Cours API\Final TP API\node_modules\router\lib\route.js:157:13)
    at Route.dispatch (C:\Users\ItsTR\Desktop\Ynov\B3 Ynov 2025 - 2026\Cours API\Final TP API\node_modules\router\lib\route.js:117:3)
    at handle (C:\Users\ItsTR\Desktop\Ynov\B3 Ynov 2025 - 2026\Cours API\Final TP API\node_modules\router\index.js:435:11)
    at Layer.handleRequest (C:\Users\ItsTR\Desktop\Ynov\B3 Ynov 2025 - 2026\Cours API\Final TP API\node_modules\router\lib\layer.js:152:17)
    at C:\Users\ItsTR\Desktop\Ynov\B3 Ynov 2025 - 2026\Cours API\Final TP API\node_modules\router\index.js:295:15
    at processParams (C:\Users\ItsTR\Desktop\Ynov\B3 Ynov 2025 - 2026\Cours API\Final TP API\node_modules\router\index.js:582:12)
    at next (C:\Users\ItsTR\Desktop\Ynov\B3 Ynov 2025 - 2026\Cours API\Final TP API\node_modules\router\index.js:291:5)
    at Function.handle (C:\Users\ItsTR\Desktop\Ynov\B3 Ynov 2025 - 2026\Cours API\Final TP API\node_modules\router\index.js:186:3)
[2025-11-14T15:34:13.287Z] ERROR: POST /api/auth/register - Cannot read properties of undefined (reading 'schema') - Cannot read properties of undefined (reading 'schema')
Stack: TypeError: Cannot read properties of undefined (reading 'schema')
    at validate (C:\Users\ItsTR\Desktop\Ynov\B3 Ynov 2025 - 2026\Cours API\Final TP API\node_modules\mongoose\lib\model.js:4262:21)
    at Layer.handleRequest (C:\Users\ItsTR\Desktop\Ynov\B3 Ynov 2025 - 2026\Cours API\Final TP API\node_modules\router\lib\layer.js:152:17)
    at next (C:\Users\ItsTR\Desktop\Ynov\B3 Ynov 2025 - 2026\Cours API\Final TP API\node_modules\router\lib\route.js:157:13)
    at Route.dispatch (C:\Users\ItsTR\Desktop\Ynov\B3 Ynov 2025 - 2026\Cours API\Final TP API\node_modules\router\lib\route.js:117:3)
    at handle (C:\Users\ItsTR\Desktop\Ynov\B3 Ynov 2025 - 2026\Cours API\Final TP API\node_modules\router\index.js:435:11)
    at Layer.handleRequest (C:\Users\ItsTR\Desktop\Ynov\B3 Ynov 2025 - 2026\Cours API\Final TP API\node_modules\router\lib\layer.js:152:17)
    at C:\Users\ItsTR\Desktop\Ynov\B3 Ynov 2025 - 2026\Cours API\Final TP API\node_modules\router\index.js:295:15
    at processParams (C:\Users\ItsTR\Desktop\Ynov\B3 Ynov 2025 - 2026\Cours API\Final TP API\node_modules\router\index.js:582:12)
    at next (C:\Users\ItsTR\Desktop\Ynov\B3 Ynov 2025 - 2026\Cours API\Final TP API\node_modules\router\index.js:291:5)
    at Function.handle (C:\Users\ItsTR\Desktop\Ynov\B3 Ynov 2025 - 2026\Cours API\Final TP API\node_modules\router\index.js:186:3)
[2025-11-14T15:34:14.356Z] ERROR: POST /api/auth/register - Cannot read properties of undefined (reading 'schema') - Cannot read properties of undefined (reading 'schema')
Stack: TypeError: Cannot read properties of undefined (reading 'schema')
    at validate (C:\Users\ItsTR\Desktop\Ynov\B3 Ynov 2025 - 2026\Cours API\Final TP API\node_modules\mongoose\lib\model.js:4262:21)
    at Layer.handleRequest (C:\Users\ItsTR\Desktop\Ynov\B3 Ynov 2025 - 2026\Cours API\Final TP API\node_modules\router\lib\layer.js:152:17)
    at next (C:\Users\ItsTR\Desktop\Ynov\B3 Ynov 2025 - 2026\Cours API\Final TP API\node_modules\router\lib\route.js:157:13)
    at Route.dispatch (C:\Users\ItsTR\Desktop\Ynov\B3 Ynov 2025 - 2026\Cours API\Final TP API\node_modules\router\lib\route.js:117:3)
    at handle (C:\Users\ItsTR\Desktop\Ynov\B3 Ynov 2025 - 2026\Cours API\Final TP API\node_modules\router\index.js:435:11)
    at Layer.handleRequest (C:\Users\ItsTR\Desktop\Ynov\B3 Ynov 2025 - 2026\Cours API\Final TP API\node_modules\router\lib\layer.js:152:17)
    at C:\Users\ItsTR\Desktop\Ynov\B3 Ynov 2025 - 2026\Cours API\Final TP API\node_modules\router\index.js:295:15
    at processParams (C:\Users\ItsTR\Desktop\Ynov\B3 Ynov 2025 - 2026\Cours API\Final TP API\node_modules\router\index.js:582:12)
    at next (C:\Users\ItsTR\Desktop\Ynov\B3 Ynov 2025 - 2026\Cours API\Final TP API\node_modules\router\index.js:291:5)
    at Function.handle (C:\Users\ItsTR\Desktop\Ynov\B3 Ynov 2025 - 2026\Cours API\Final TP API\node_modules\router\index.js:186:3)
[2025-11-14T15:34:14.583Z] ERROR: POST /api/auth/register - Cannot read properties of undefined (reading 'schema') - Cannot read properties of undefined (reading 'schema')
Stack: TypeError: Cannot read properties of undefined (reading 'schema')
    at validate (C:\Users\ItsTR\Desktop\Ynov\B3 Ynov 2025 - 2026\Cours API\Final TP API\node_modules\mongoose\lib\model.js:4262:21)
    at Layer.handleRequest (C:\Users\ItsTR\Desktop\Ynov\B3 Ynov 2025 - 2026\Cours API\Final TP API\node_modules\router\lib\layer.js:152:17)
    at next (C:\Users\ItsTR\Desktop\Ynov\B3 Ynov 2025 - 2026\Cours API\Final TP API\node_modules\router\lib\route.js:157:13)
    at Route.dispatch (C:\Users\ItsTR\Desktop\Ynov\B3 Ynov 2025 - 2026\Cours API\Final TP API\node_modules\router\lib\route.js:117:3)
    at handle (C:\Users\ItsTR\Desktop\Ynov\B3 Ynov 2025 - 2026\Cours API\Final TP API\node_modules\router\index.js:435:11)
    at Layer.handleRequest (C:\Users\ItsTR\Desktop\Ynov\B3 Ynov 2025 - 2026\Cours API\Final TP API\node_modules\router\lib\layer.js:152:17)
    at C:\Users\ItsTR\Desktop\Ynov\B3 Ynov 2025 - 2026\Cours API\Final TP API\node_modules\router\index.js:295:15
    at processParams (C:\Users\ItsTR\Desktop\Ynov\B3 Ynov 2025 - 2026\Cours API\Final TP API\node_modules\router\index.js:582:12)
    at next (C:\Users\ItsTR\Desktop\Ynov\B3 Ynov 2025 - 2026\Cours API\Final TP API\node_modules\router\index.js:291:5)
    at Function.handle (C:\Users\ItsTR\Desktop\Ynov\B3 Ynov 2025 - 2026\Cours API\Final TP API\node_modules\router\index.js:186:3)
[2025-11-14T15:34:14.878Z] ERROR: POST /api/auth/register - Cannot read properties of undefined (reading 'schema') - Cannot read properties of undefined (reading 'schema')
Stack: TypeError: Cannot read properties of undefined (reading 'schema')
    at validate (C:\Users\ItsTR\Desktop\Ynov\B3 Ynov 2025 - 2026\Cours API\Final TP API\node_modules\mongoose\lib\model.js:4262:21)
    at Layer.handleRequest (C:\Users\ItsTR\Desktop\Ynov\B3 Ynov 2025 - 2026\Cours API\Final TP API\node_modules\router\lib\layer.js:152:17)
    at next (C:\Users\ItsTR\Desktop\Ynov\B3 Ynov 2025 - 2026\Cours API\Final TP API\node_modules\router\lib\route.js:157:13)
    at Route.dispatch (C:\Users\ItsTR\Desktop\Ynov\B3 Ynov 2025 - 2026\Cours API\Final TP API\node_modules\router\lib\route.js:117:3)
    at handle (C:\Users\ItsTR\Desktop\Ynov\B3 Ynov 2025 - 2026\Cours API\Final TP API\node_modules\router\index.js:435:11)
    at Layer.handleRequest (C:\Users\ItsTR\Desktop\Ynov\B3 Ynov 2025 - 2026\Cours API\Final TP API\node_modules\router\lib\layer.js:152:17)
    at C:\Users\ItsTR\Desktop\Ynov\B3 Ynov 2025 - 2026\Cours API\Final TP API\node_modules\router\index.js:295:15
    at processParams (C:\Users\ItsTR\Desktop\Ynov\B3 Ynov 2025 - 2026\Cours API\Final TP API\node_modules\router\index.js:582:12)
    at next (C:\Users\ItsTR\Desktop\Ynov\B3 Ynov 2025 - 2026\Cours API\Final TP API\node_modules\router\index.js:291:5)
    at Function.handle (C:\Users\ItsTR\Desktop\Ynov\B3 Ynov 2025 - 2026\Cours API\Final TP API\node_modules\router\index.js:186:3)
[2025-11-14T15:34:15.038Z] ERROR: POST /api/auth/register - Cannot read properties of undefined (reading 'schema') - Cannot read properties of undefined (reading 'schema')
Stack: TypeError: Cannot read properties of undefined (reading 'schema')
    at validate (C:\Users\ItsTR\Desktop\Ynov\B3 Ynov 2025 - 2026\Cours API\Final TP API\node_modules\mongoose\lib\model.js:4262:21)
    at Layer.handleRequest (C:\Users\ItsTR\Desktop\Ynov\B3 Ynov 2025 - 2026\Cours API\Final TP API\node_modules\router\lib\layer.js:152:17)
    at next (C:\Users\ItsTR\Desktop\Ynov\B3 Ynov 2025 - 2026\Cours API\Final TP API\node_modules\router\lib\route.js:157:13)
    at Route.dispatch (C:\Users\ItsTR\Desktop\Ynov\B3 Ynov 2025 - 2026\Cours API\Final TP API\node_modules\router\lib\route.js:117:3)
    at handle (C:\Users\ItsTR\Desktop\Ynov\B3 Ynov 2025 - 2026\Cours API\Final TP API\node_modules\router\index.js:435:11)
    at Layer.handleRequest (C:\Users\ItsTR\Desktop\Ynov\B3 Ynov 2025 - 2026\Cours API\Final TP API\node_modules\router\lib\layer.js:152:17)
    at C:\Users\ItsTR\Desktop\Ynov\B3 Ynov 2025 - 2026\Cours API\Final TP API\node_modules\router\index.js:295:15
    at processParams (C:\Users\ItsTR\Desktop\Ynov\B3 Ynov 2025 - 2026\Cours API\Final TP API\node_modules\router\index.js:582:12)
    at next (C:\Users\ItsTR\Desktop\Ynov\B3 Ynov 2025 - 2026\Cours API\Final TP API\node_modules\router\index.js:291:5)
    at Function.handle (C:\Users\ItsTR\Desktop\Ynov\B3 Ynov 2025 - 2026\Cours API\Final TP API\node_modules\router\index.js:186:3)
[2025-11-14T15:34:15.205Z] ERROR: POST /api/auth/register - Cannot read properties of undefined (reading 'schema') - Cannot read properties of undefined (reading 'schema')
Stack: TypeError: Cannot read properties of undefined (reading 'schema')
    at validate (C:\Users\ItsTR\Desktop\Ynov\B3 Ynov 2025 - 2026\Cours API\Final TP API\node_modules\mongoose\lib\model.js:4262:21)
    at Layer.handleRequest (C:\Users\ItsTR\Desktop\Ynov\B3 Ynov 2025 - 2026\Cours API\Final TP API\node_modules\router\lib\layer.js:152:17)
    at next (C:\Users\ItsTR\Desktop\Ynov\B3 Ynov 2025 - 2026\Cours API\Final TP API\node_modules\router\lib\route.js:157:13)
    at Route.dispatch (C:\Users\ItsTR\Desktop\Ynov\B3 Ynov 2025 - 2026\Cours API\Final TP API\node_modules\router\lib\route.js:117:3)
    at handle (C:\Users\ItsTR\Desktop\Ynov\B3 Ynov 2025 - 2026\Cours API\Final TP API\node_modules\router\index.js:435:11)
    at Layer.handleRequest (C:\Users\ItsTR\Desktop\Ynov\B3 Ynov 2025 - 2026\Cours API\Final TP API\node_modules\router\lib\layer.js:152:17)
    at C:\Users\ItsTR\Desktop\Ynov\B3 Ynov 2025 - 2026\Cours API\Final TP API\node_modules\router\index.js:295:15
    at processParams (C:\Users\ItsTR\Desktop\Ynov\B3 Ynov 2025 - 2026\Cours API\Final TP API\node_modules\router\index.js:582:12)
    at next (C:\Users\ItsTR\Desktop\Ynov\B3 Ynov 2025 - 2026\Cours API\Final TP API\node_modules\router\index.js:291:5)
    at Function.handle (C:\Users\ItsTR\Desktop\Ynov\B3 Ynov 2025 - 2026\Cours API\Final TP API\node_modules\router\index.js:186:3)
[2025-11-14T15:34:15.399Z] ERROR: POST /api/auth/register - Cannot read properties of undefined (reading 'schema') - Cannot read properties of undefined (reading 'schema')
Stack: TypeError: Cannot read properties of undefined (reading 'schema')
    at validate (C:\Users\ItsTR\Desktop\Ynov\B3 Ynov 2025 - 2026\Cours API\Final TP API\node_modules\mongoose\lib\model.js:4262:21)
    at Layer.handleRequest (C:\Users\ItsTR\Desktop\Ynov\B3 Ynov 2025 - 2026\Cours API\Final TP API\node_modules\router\lib\layer.js:152:17)
    at next (C:\Users\ItsTR\Desktop\Ynov\B3 Ynov 2025 - 2026\Cours API\Final TP API\node_modules\router\lib\route.js:157:13)
    at Route.dispatch (C:\Users\ItsTR\Desktop\Ynov\B3 Ynov 2025 - 2026\Cours API\Final TP API\node_modules\router\lib\route.js:117:3)
    at handle (C:\Users\ItsTR\Desktop\Ynov\B3 Ynov 2025 - 2026\Cours API\Final TP API\node_modules\router\index.js:435:11)
    at Layer.handleRequest (C:\Users\ItsTR\Desktop\Ynov\B3 Ynov 2025 - 2026\Cours API\Final TP API\node_modules\router\lib\layer.js:152:17)
    at C:\Users\ItsTR\Desktop\Ynov\B3 Ynov 2025 - 2026\Cours API\Final TP API\node_modules\router\index.js:295:15
    at processParams (C:\Users\ItsTR\Desktop\Ynov\B3 Ynov 2025 - 2026\Cours API\Final TP API\node_modules\router\index.js:582:12)
    at next (C:\Users\ItsTR\Desktop\Ynov\B3 Ynov 2025 - 2026\Cours API\Final TP API\node_modules\router\index.js:291:5)
    at Function.handle (C:\Users\ItsTR\Desktop\Ynov\B3 Ynov 2025 - 2026\Cours API\Final TP API\node_modules\router\index.js:186:3)
[2025-11-14T15:34:15.528Z] ERROR: POST /api/auth/register - Cannot read properties of undefined (reading 'schema') - Cannot read properties of undefined (reading 'schema')
Stack: TypeError: Cannot read properties of undefined (reading 'schema')
    at validate (C:\Users\ItsTR\Desktop\Ynov\B3 Ynov 2025 - 2026\Cours API\Final TP API\node_modules\mongoose\lib\model.js:4262:21)
    at Layer.handleRequest (C:\Users\ItsTR\Desktop\Ynov\B3 Ynov 2025 - 2026\Cours API\Final TP API\node_modules\router\lib\layer.js:152:17)
    at next (C:\Users\ItsTR\Desktop\Ynov\B3 Ynov 2025 - 2026\Cours API\Final TP API\node_modules\router\lib\route.js:157:13)
    at Route.dispatch (C:\Users\ItsTR\Desktop\Ynov\B3 Ynov 2025 - 2026\Cours API\Final TP API\node_modules\router\lib\route.js:117:3)
    at handle (C:\Users\ItsTR\Desktop\Ynov\B3 Ynov 2025 - 2026\Cours API\Final TP API\node_modules\router\index.js:435:11)
    at Layer.handleRequest (C:\Users\ItsTR\Desktop\Ynov\B3 Ynov 2025 - 2026\Cours API\Final TP API\node_modules\router\lib\layer.js:152:17)
    at C:\Users\ItsTR\Desktop\Ynov\B3 Ynov 2025 - 2026\Cours API\Final TP API\node_modules\router\index.js:295:15
    at processParams (C:\Users\ItsTR\Desktop\Ynov\B3 Ynov 2025 - 2026\Cours API\Final TP API\node_modules\router\index.js:582:12)
    at next (C:\Users\ItsTR\Desktop\Ynov\B3 Ynov 2025 - 2026\Cours API\Final TP API\node_modules\router\index.js:291:5)
    at Function.handle (C:\Users\ItsTR\Desktop\Ynov\B3 Ynov 2025 - 2026\Cours API\Final TP API\node_modules\router\index.js:186:3)
[2025-11-14T15:34:15.647Z] ERROR: POST /api/auth/register - Cannot read properties of undefined (reading 'schema') - Cannot read properties of undefined (reading 'schema')
Stack: TypeError: Cannot read properties of undefined (reading 'schema')
    at validate (C:\Users\ItsTR\Desktop\Ynov\B3 Ynov 2025 - 2026\Cours API\Final TP API\node_modules\mongoose\lib\model.js:4262:21)
    at Layer.handleRequest (C:\Users\ItsTR\Desktop\Ynov\B3 Ynov 2025 - 2026\Cours API\Final TP API\node_modules\router\lib\layer.js:152:17)
    at next (C:\Users\ItsTR\Desktop\Ynov\B3 Ynov 2025 - 2026\Cours API\Final TP API\node_modules\router\lib\route.js:157:13)
    at Route.dispatch (C:\Users\ItsTR\Desktop\Ynov\B3 Ynov 2025 - 2026\Cours API\Final TP API\node_modules\router\lib\route.js:117:3)
    at handle (C:\Users\ItsTR\Desktop\Ynov\B3 Ynov 2025 - 2026\Cours API\Final TP API\node_modules\router\index.js:435:11)
    at Layer.handleRequest (C:\Users\ItsTR\Desktop\Ynov\B3 Ynov 2025 - 2026\Cours API\Final TP API\node_modules\router\lib\layer.js:152:17)
    at C:\Users\ItsTR\Desktop\Ynov\B3 Ynov 2025 - 2026\Cours API\Final TP API\node_modules\router\index.js:295:15
    at processParams (C:\Users\ItsTR\Desktop\Ynov\B3 Ynov 2025 - 2026\Cours API\Final TP API\node_modules\router\index.js:582:12)
    at next (C:\Users\ItsTR\Desktop\Ynov\B3 Ynov 2025 - 2026\Cours API\Final TP API\node_modules\router\index.js:291:5)
    at Function.handle (C:\Users\ItsTR\Desktop\Ynov\B3 Ynov 2025 - 2026\Cours API\Final TP API\node_modules\router\index.js:186:3)
[2025-11-14T15:34:15.835Z] ERROR: POST /api/auth/register - Cannot read properties of undefined (reading 'schema') - Cannot read properties of undefined (reading 'schema')
Stack: TypeError: Cannot read properties of undefined (reading 'schema')
    at validate (C:\Users\ItsTR\Desktop\Ynov\B3 Ynov 2025 - 2026\Cours API\Final TP API\node_modules\mongoose\lib\model.js:4262:21)
    at Layer.handleRequest (C:\Users\ItsTR\Desktop\Ynov\B3 Ynov 2025 - 2026\Cours API\Final TP API\node_modules\router\lib\layer.js:152:17)
    at next (C:\Users\ItsTR\Desktop\Ynov\B3 Ynov 2025 - 2026\Cours API\Final TP API\node_modules\router\lib\route.js:157:13)
    at Route.dispatch (C:\Users\ItsTR\Desktop\Ynov\B3 Ynov 2025 - 2026\Cours API\Final TP API\node_modules\router\lib\route.js:117:3)
    at handle (C:\Users\ItsTR\Desktop\Ynov\B3 Ynov 2025 - 2026\Cours API\Final TP API\node_modules\router\index.js:435:11)
    at Layer.handleRequest (C:\Users\ItsTR\Desktop\Ynov\B3 Ynov 2025 - 2026\Cours API\Final TP API\node_modules\router\lib\layer.js:152:17)
    at C:\Users\ItsTR\Desktop\Ynov\B3 Ynov 2025 - 2026\Cours API\Final TP API\node_modules\router\index.js:295:15
    at processParams (C:\Users\ItsTR\Desktop\Ynov\B3 Ynov 2025 - 2026\Cours API\Final TP API\node_modules\router\index.js:582:12)
    at next (C:\Users\ItsTR\Desktop\Ynov\B3 Ynov 2025 - 2026\Cours API\Final TP API\node_modules\router\index.js:291:5)
    at Function.handle (C:\Users\ItsTR\Desktop\Ynov\B3 Ynov 2025 - 2026\Cours API\Final TP API\node_modules\router\index.js:186:3)
[2025-11-14T15:34:15.974Z] ERROR: POST /api/auth/register - Cannot read properties of undefined (reading 'schema') - Cannot read properties of undefined (reading 'schema')
Stack: TypeError: Cannot read properties of undefined (reading 'schema')
    at validate (C:\Users\ItsTR\Desktop\Ynov\B3 Ynov 2025 - 2026\Cours API\Final TP API\node_modules\mongoose\lib\model.js:4262:21)
    at Layer.handleRequest (C:\Users\ItsTR\Desktop\Ynov\B3 Ynov 2025 - 2026\Cours API\Final TP API\node_modules\router\lib\layer.js:152:17)
    at next (C:\Users\ItsTR\Desktop\Ynov\B3 Ynov 2025 - 2026\Cours API\Final TP API\node_modules\router\lib\route.js:157:13)
    at Route.dispatch (C:\Users\ItsTR\Desktop\Ynov\B3 Ynov 2025 - 2026\Cours API\Final TP API\node_modules\router\lib\route.js:117:3)
    at handle (C:\Users\ItsTR\Desktop\Ynov\B3 Ynov 2025 - 2026\Cours API\Final TP API\node_modules\router\index.js:435:11)
    at Layer.handleRequest (C:\Users\ItsTR\Desktop\Ynov\B3 Ynov 2025 - 2026\Cours API\Final TP API\node_modules\router\lib\layer.js:152:17)
    at C:\Users\ItsTR\Desktop\Ynov\B3 Ynov 2025 - 2026\Cours API\Final TP API\node_modules\router\index.js:295:15
    at processParams (C:\Users\ItsTR\Desktop\Ynov\B3 Ynov 2025 - 2026\Cours API\Final TP API\node_modules\router\index.js:582:12)
    at next (C:\Users\ItsTR\Desktop\Ynov\B3 Ynov 2025 - 2026\Cours API\Final TP API\node_modules\router\index.js:291:5)
    at Function.handle (C:\Users\ItsTR\Desktop\Ynov\B3 Ynov 2025 - 2026\Cours API\Final TP API\node_modules\router\index.js:186:3)
